[0m17:55:21.177298 [debug] [MainThread]: Sending event: {'category': 'dbt', 'action': 'invocation', 'label': 'start', 'context': [<snowplow_tracker.self_describing_json.SelfDescribingJson object at 0x7fbeccc7b2d0>, <snowplow_tracker.self_describing_json.SelfDescribingJson object at 0x7fbecce51b90>, <snowplow_tracker.self_describing_json.SelfDescribingJson object at 0x7fbeccc78910>]}


============================== 17:55:21.178878 | 8cbf56a0-e838-49a7-ad13-ad456f223c6c ==============================
[0m17:55:21.178878 [info ] [MainThread]: Running with dbt=1.9.4
[0m17:55:21.179157 [debug] [MainThread]: running dbt with arguments {'printer_width': '80', 'indirect_selection': 'eager', 'log_cache_events': 'False', 'write_json': 'True', 'partial_parse': 'True', 'cache_selected_only': 'False', 'warn_error': 'None', 'version_check': 'True', 'fail_fast': 'False', 'log_path': 'logs', 'debug': 'False', 'profiles_dir': '/home/eduardo/.dbt', 'use_colors': 'True', 'use_experimental_parser': 'False', 'empty': 'None', 'quiet': 'False', 'no_print': 'None', 'warn_error_options': 'WarnErrorOptions(include=[], exclude=[])', 'introspect': 'True', 'log_format': 'default', 'invocation_command': 'dbt init', 'target_path': 'None', 'static_parser': 'True', 'send_anonymous_usage_stats': 'True'}
[0m17:55:21.182117 [warn ] [MainThread]: [ConfigFolderDirectory]: Unable to parse logging event dictionary. Failed to parse dir field: expected string or bytes-like object, got 'PosixPath'.. Dictionary: {'dir': PosixPath('/home/eduardo/.dbt')}
[0m17:55:21.182316 [info ] [MainThread]: Creating dbt configuration folder at 
[0m17:55:36.469108 [debug] [MainThread]: Starter project path: /home/eduardo/miniconda3/lib/python3.11/site-packages/dbt/include/starter_project
[0m17:55:36.470623 [info ] [MainThread]: 
Your new dbt project "taxi_rides_ny" was created!

For more information on how to configure the profiles.yml file,
please consult the dbt documentation here:

  https://docs.getdbt.com/docs/configure-your-profile

One more thing:

Need help? Don't hesitate to reach out to us via GitHub issues or on Slack:

  https://community.getdbt.com/

Happy modeling!

[0m17:55:36.470844 [info ] [MainThread]: Setting up your profile.
[0m18:03:34.968587 [info ] [MainThread]: Profile taxi_rides_ny written to /home/eduardo/.dbt/profiles.yml using target's profile_template.yml and your supplied values. Run 'dbt debug' to validate the connection.
[0m18:03:34.975476 [debug] [MainThread]: Resource report: {"command_name": "init", "command_success": true, "command_wall_clock_time": 493.82144, "process_in_blocks": "168", "process_kernel_time": 0.203503, "process_mem_max_rss": "205808", "process_out_blocks": "88", "process_user_time": 2.661501}
[0m18:03:34.975804 [debug] [MainThread]: Command `dbt init` succeeded at 18:03:34.975743 after 493.82 seconds
[0m18:03:34.976028 [debug] [MainThread]: Sending event: {'category': 'dbt', 'action': 'invocation', 'label': 'end', 'context': [<snowplow_tracker.self_describing_json.SelfDescribingJson object at 0x7fbeccc87b90>, <snowplow_tracker.self_describing_json.SelfDescribingJson object at 0x7fbe6e4a09d0>, <snowplow_tracker.self_describing_json.SelfDescribingJson object at 0x7fbeccc87710>]}
[0m18:03:34.976268 [debug] [MainThread]: Flushing usage events
[0m18:03:35.392731 [debug] [MainThread]: An error was encountered while trying to flush usage events
